<?xml version="1.0" encoding="UTF-8"?>
<testng-results ignored="0" total="1" passed="1" failed="0" skipped="0">
  <reporter-output>
  </reporter-output>
  <suite started-at="2022-11-17T22:22:08 GMT" name="Default suite" finished-at="2022-11-17T22:22:09 GMT" duration-ms="1255">
    <groups>
    </groups>
    <test started-at="2022-11-17T22:22:08 GMT" name="Default test" finished-at="2022-11-17T22:22:09 GMT" duration-ms="1255">
      <class name="SumValidation">
        <test-method signature="sumOfCourses()[pri:0, instance:SumValidation@1bb266b3]" started-at="2022-11-17T22:22:08 GMT" name="sumOfCourses" finished-at="2022-11-17T22:22:09 GMT" duration-ms="1227" status="PASS">
          <reporter-output>
          </reporter-output>
        </test-method> <!-- sumOfCourses -->
      </class> <!-- SumValidation -->
    </test> <!-- Default test -->
  </suite> <!-- Default suite -->
</testng-results>
